  OCCAPPView.cpp
c:\users\sutra04\documents\visual studio 2012\projects\occapp\occapp\occappview.cpp(78): error C2661: 'Standard_Transient::operator new' : no overloaded function takes 3 arguments
  OCCAPP.cpp
c:\users\sutra04\documents\visual studio 2012\projects\occapp\occapp\occapp.cpp(37): error C2653: 'OSD' : is not a class or namespace name
c:\users\sutra04\documents\visual studio 2012\projects\occapp\occapp\occapp.cpp(37): error C3861: 'SetSignal': identifier not found
c:\users\sutra04\documents\visual studio 2012\projects\occapp\occapp\occapp.cpp(38): error C2065: 'SampleName' : undeclared identifier
c:\users\sutra04\documents\visual studio 2012\projects\occapp\occapp\occapp.cpp(39): error C3861: 'SetSamplePath': identifier not found
c:\users\sutra04\documents\visual studio 2012\projects\occapp\occapp\occapp.cpp(43): error C2061: syntax error : identifier 'OpenGl_GraphicDriver'
  Generating Code...
